<?xml version="1.0" encoding="UTF-8"?>
<!-- Generated by org.testng.reporters.JUnitReportReporter -->
<testsuite skipped="0" hostname="Abhi" name="scripts.p2" tests="1" failures="0" timestamp="2023-01-05T09:33:12 IST" time="35.028" errors="0">
  <testcase name="addUserScript" time="35.028" classname="scripts.p2"/>
  <system-out/>
</testsuite> <!-- scripts.p2 -->
